c:\users\nolan\desktop\c++ programs\thelegendofbaker\thelegendofbaker\debug\vc120.pdb
c:\users\nolan\desktop\c++ programs\thelegendofbaker\thelegendofbaker\debug\vc120.idb
c:\users\nolan\desktop\c++ programs\thelegendofbaker\thelegendofbaker\debug\animation.obj
c:\users\nolan\desktop\c++ programs\thelegendofbaker\thelegendofbaker\debug\capplication.obj
c:\users\nolan\desktop\c++ programs\thelegendofbaker\thelegendofbaker\debug\character.obj
c:\users\nolan\desktop\c++ programs\thelegendofbaker\thelegendofbaker\debug\loadingengine.obj
c:\users\nolan\desktop\c++ programs\thelegendofbaker\thelegendofbaker\debug\main.obj
c:\users\nolan\desktop\c++ programs\thelegendofbaker\thelegendofbaker\debug\npc.obj
c:\users\nolan\desktop\c++ programs\thelegendofbaker\thelegendofbaker\debug\projectile.obj
c:\users\nolan\desktop\c++ programs\thelegendofbaker\thelegendofbaker\debug\renderlogic.obj
c:\users\nolan\desktop\c++ programs\thelegendofbaker\thelegendofbaker\debug\texturemanager.obj
c:\users\nolan\desktop\c++ programs\thelegendofbaker\thelegendofbaker\debug\timer.obj
c:\users\nolan\desktop\c++ programs\thelegendofbaker\thelegendofbaker\debug\world.obj
c:\users\nolan\desktop\c++ programs\thelegendofbaker\debug\thelegendofbaker.ilk
c:\users\nolan\desktop\c++ programs\thelegendofbaker\debug\thelegendofbaker.exe
c:\users\nolan\desktop\c++ programs\thelegendofbaker\debug\thelegendofbaker.pdb
c:\users\nolan\desktop\c++ programs\thelegendofbaker\thelegendofbaker\debug\thelegendofbaker.tlog\cl.command.1.tlog
c:\users\nolan\desktop\c++ programs\thelegendofbaker\thelegendofbaker\debug\thelegendofbaker.tlog\cl.read.1.tlog
c:\users\nolan\desktop\c++ programs\thelegendofbaker\thelegendofbaker\debug\thelegendofbaker.tlog\cl.write.1.tlog
c:\users\nolan\desktop\c++ programs\thelegendofbaker\thelegendofbaker\debug\thelegendofbaker.tlog\link.command.1.tlog
c:\users\nolan\desktop\c++ programs\thelegendofbaker\thelegendofbaker\debug\thelegendofbaker.tlog\link.read.1.tlog
c:\users\nolan\desktop\c++ programs\thelegendofbaker\thelegendofbaker\debug\thelegendofbaker.tlog\link.write.1.tlog
